0 info it worked if it ends with ok
1 verbose cli [ 'C:\\Program Files\\nodejs\\\\node.exe',
1 verbose cli   'C:\\Program Files\\nodejs\\node_modules\\npm\\bin\\npm-cli.js',
1 verbose cli   'install',
1 verbose cli   'gulp-autoprefix',
1 verbose cli   'gulp-minify-css',
1 verbose cli   '--save' ]
2 info using npm@1.4.28
3 info using node@v0.10.33
4 verbose node symlink C:\Program Files\nodejs\\node.exe
5 warn package.json gulpTesting@1.0.1 No repository field.
6 warn package.json gulpTesting@1.0.1 No README data
7 verbose readDependencies using package.json deps
8 verbose cache add [ 'gulp-autoprefix', null ]
9 verbose cache add name=undefined spec="gulp-autoprefix" args=["gulp-autoprefix",null]
10 verbose parsed url { protocol: null,
10 verbose parsed url   slashes: null,
10 verbose parsed url   auth: null,
10 verbose parsed url   host: null,
10 verbose parsed url   port: null,
10 verbose parsed url   hostname: null,
10 verbose parsed url   hash: null,
10 verbose parsed url   search: null,
10 verbose parsed url   query: null,
10 verbose parsed url   pathname: 'gulp-autoprefix',
10 verbose parsed url   path: 'gulp-autoprefix',
10 verbose parsed url   href: 'gulp-autoprefix' }
11 verbose cache add [ 'gulp-minify-css', null ]
12 verbose cache add name=undefined spec="gulp-minify-css" args=["gulp-minify-css",null]
13 verbose parsed url { protocol: null,
13 verbose parsed url   slashes: null,
13 verbose parsed url   auth: null,
13 verbose parsed url   host: null,
13 verbose parsed url   port: null,
13 verbose parsed url   hostname: null,
13 verbose parsed url   hash: null,
13 verbose parsed url   search: null,
13 verbose parsed url   query: null,
13 verbose parsed url   pathname: 'gulp-minify-css',
13 verbose parsed url   path: 'gulp-minify-css',
13 verbose parsed url   href: 'gulp-minify-css' }
14 silly lockFile d5337f70-gulp-autoprefix gulp-autoprefix
15 verbose lock gulp-autoprefix C:\Users\Windows 7\AppData\Roaming\npm-cache\d5337f70-gulp-autoprefix.lock
16 silly lockFile 6bf44555-gulp-minify-css gulp-minify-css
17 verbose lock gulp-minify-css C:\Users\Windows 7\AppData\Roaming\npm-cache\6bf44555-gulp-minify-css.lock
18 silly lockFile d5337f70-gulp-autoprefix gulp-autoprefix
19 silly lockFile d5337f70-gulp-autoprefix gulp-autoprefix
20 silly lockFile 6bf44555-gulp-minify-css gulp-minify-css
21 silly lockFile 6bf44555-gulp-minify-css gulp-minify-css
22 verbose addNamed [ 'gulp-autoprefix', '' ]
23 verbose addNamed [ null, '*' ]
24 silly lockFile e6355660-gulp-autoprefix gulp-autoprefix@
25 verbose lock gulp-autoprefix@ C:\Users\Windows 7\AppData\Roaming\npm-cache\e6355660-gulp-autoprefix.lock
26 verbose addNamed [ 'gulp-minify-css', '' ]
27 verbose addNamed [ null, '*' ]
28 silly lockFile 37de6304-gulp-minify-css gulp-minify-css@
29 verbose lock gulp-minify-css@ C:\Users\Windows 7\AppData\Roaming\npm-cache\37de6304-gulp-minify-css.lock
30 silly addNameRange { name: 'gulp-autoprefix', range: '*', hasData: false }
31 silly addNameRange { name: 'gulp-minify-css', range: '*', hasData: false }
32 verbose request where is /gulp-autoprefix
33 verbose request registry https://registry.npmjs.org/
34 verbose request id 4a37740ff66cbc53
35 verbose url raw /gulp-autoprefix
36 verbose url resolving [ 'https://registry.npmjs.org/', './gulp-autoprefix' ]
37 verbose url resolved https://registry.npmjs.org/gulp-autoprefix
38 verbose request where is https://registry.npmjs.org/gulp-autoprefix
39 info trying registry request attempt 1 at 18:00:46
40 http GET https://registry.npmjs.org/gulp-autoprefix
41 verbose request where is /gulp-minify-css
42 verbose request registry https://registry.npmjs.org/
43 verbose url raw /gulp-minify-css
44 verbose url resolving [ 'https://registry.npmjs.org/', './gulp-minify-css' ]
45 verbose url resolved https://registry.npmjs.org/gulp-minify-css
46 verbose request where is https://registry.npmjs.org/gulp-minify-css
47 info trying registry request attempt 1 at 18:00:46
48 verbose etag "9F697QR9MPL9Z3X271LN8UB4B"
49 http GET https://registry.npmjs.org/gulp-minify-css
50 http 304 https://registry.npmjs.org/gulp-minify-css
51 silly registry.get cb [ 304,
51 silly registry.get   { date: 'Wed, 31 Dec 2014 10:00:48 GMT',
51 silly registry.get     server: 'Apache',
51 silly registry.get     via: '1.1 varnish',
51 silly registry.get     'last-modified': 'Wed, 31 Dec 2014 10:00:49 GMT',
51 silly registry.get     'cache-control': 'max-age=60',
51 silly registry.get     etag: '"9F697QR9MPL9Z3X271LN8UB4B"',
51 silly registry.get     age: '0',
51 silly registry.get     'x-served-by': 'cache-hk91-HKG',
51 silly registry.get     'x-cache': 'MISS',
51 silly registry.get     'x-cache-hits': '0',
51 silly registry.get     'x-timer': 'S1420020048.546648,VS0,VE702',
51 silly registry.get     vary: 'Accept',
51 silly registry.get     'content-length': '0',
51 silly registry.get     'keep-alive': 'timeout=10, max=50',
51 silly registry.get     connection: 'Keep-Alive' } ]
52 verbose etag https://registry.npmjs.org/gulp-minify-css from cache
53 silly addNameRange number 2 { name: 'gulp-minify-css', range: '*', hasData: true }
54 silly addNameRange versions [ 'gulp-minify-css',
54 silly addNameRange   [ '0.0.1',
54 silly addNameRange     '0.1.0',
54 silly addNameRange     '0.2.0',
54 silly addNameRange     '0.3.0',
54 silly addNameRange     '0.3.1',
54 silly addNameRange     '0.3.2',
54 silly addNameRange     '0.3.3',
54 silly addNameRange     '0.3.4',
54 silly addNameRange     '0.3.5',
54 silly addNameRange     '0.3.6',
54 silly addNameRange     '0.3.7',
54 silly addNameRange     '0.3.8',
54 silly addNameRange     '0.3.9',
54 silly addNameRange     '0.3.10',
54 silly addNameRange     '0.3.11' ] ]
55 verbose addNamed [ 'gulp-minify-css', '0.3.11' ]
56 verbose addNamed [ '0.3.11', '0.3.11' ]
57 silly lockFile 45873031-gulp-minify-css-0-3-11 gulp-minify-css@0.3.11
58 verbose lock gulp-minify-css@0.3.11 C:\Users\Windows 7\AppData\Roaming\npm-cache\45873031-gulp-minify-css-0-3-11.lock
59 silly lockFile 45873031-gulp-minify-css-0-3-11 gulp-minify-css@0.3.11
60 silly lockFile 45873031-gulp-minify-css-0-3-11 gulp-minify-css@0.3.11
61 silly lockFile 37de6304-gulp-minify-css gulp-minify-css@
62 silly lockFile 37de6304-gulp-minify-css gulp-minify-css@
63 http 404 https://registry.npmjs.org/gulp-autoprefix
64 verbose headers { date: 'Wed, 31 Dec 2014 10:00:49 GMT',
64 verbose headers   server: 'CouchDB/1.5.0 (Erlang OTP/R14B04)',
64 verbose headers   'content-type': 'application/json',
64 verbose headers   'cache-control': 'max-age=0',
64 verbose headers   'content-length': '52',
64 verbose headers   'accept-ranges': 'bytes',
64 verbose headers   via: '1.1 varnish',
64 verbose headers   age: '0',
64 verbose headers   'x-served-by': 'cache-hk90-HKG',
64 verbose headers   'x-cache': 'MISS',
64 verbose headers   'x-cache-hits': '0',
64 verbose headers   'x-timer': 'S1420020048.555417,VS0,VE973',
64 verbose headers   'keep-alive': 'timeout=10, max=50',
64 verbose headers   connection: 'Keep-Alive' }
65 silly registry.get cb [ 404,
65 silly registry.get   { date: 'Wed, 31 Dec 2014 10:00:49 GMT',
65 silly registry.get     server: 'CouchDB/1.5.0 (Erlang OTP/R14B04)',
65 silly registry.get     'content-type': 'application/json',
65 silly registry.get     'cache-control': 'max-age=0',
65 silly registry.get     'content-length': '52',
65 silly registry.get     'accept-ranges': 'bytes',
65 silly registry.get     via: '1.1 varnish',
65 silly registry.get     age: '0',
65 silly registry.get     'x-served-by': 'cache-hk90-HKG',
65 silly registry.get     'x-cache': 'MISS',
65 silly registry.get     'x-cache-hits': '0',
65 silly registry.get     'x-timer': 'S1420020048.555417,VS0,VE973',
65 silly registry.get     'keep-alive': 'timeout=10, max=50',
65 silly registry.get     connection: 'Keep-Alive' } ]
66 silly lockFile e6355660-gulp-autoprefix gulp-autoprefix@
67 silly lockFile e6355660-gulp-autoprefix gulp-autoprefix@
68 error 404 404 Not Found: gulp-autoprefix
68 error 404
68 error 404 'gulp-autoprefix' is not in the npm registry.
68 error 404 You should bug the author to publish it
68 error 404 It was specified as a dependency of 'gulpTesting'
68 error 404
68 error 404 Note that you can also install from a
68 error 404 tarball, folder, or http url, or git url.
69 error System Windows_NT 6.1.7601
70 error command "C:\\Program Files\\nodejs\\\\node.exe" "C:\\Program Files\\nodejs\\node_modules\\npm\\bin\\npm-cli.js" "install" "gulp-autoprefix" "gulp-minify-css" "--save"
71 error cwd D:\gulptest
72 error node -v v0.10.33
73 error npm -v 1.4.28
74 error code E404
75 verbose exit [ 1, true ]
